2024.01.29 14:57:01 INFO  Started: Metals version 1.2.0 in folders 'D:\karate gatling gitclone check' for client Visual Studio Code 1.85.2.
2024.01.29 14:57:01 WARN  Build server is not auto-connectable.
2024.01.29 14:57:01 WARN  no build target for: D:\karate gatling gitclone check\karate\karate-gatling\src\test\scala\mock\TestUserStimulation.scala
2024.01.29 14:57:03 INFO  no build target found for D:\karate gatling gitclone check\karate\karate-gatling\src\test\scala\mock\TestUserStimulation.scala. Using presentation compiler with project's scala-library version: 3.3.1
2024.01.29 14:57:05 INFO  time: code lens generation in 3.28s
2024.01.29 14:58:53 WARN  no build target for: D:\karate gatling gitclone check\karate\karate-gatling\src\test\scala\mock\TestUserStimulation.scala
2024.01.29 14:58:56 WARN  no build target for: D:\karate gatling gitclone check\karate\karate-gatling\src\test\scala\mock\TestUserStimulation.scala
2024.01.29 14:58:58 WARN  no build target for: D:\karate gatling gitclone check\karate\karate-gatling\src\test\scala\mock\TestUserStimulation.scala
2024.01.29 14:59:02 WARN  no build target for: D:\karate gatling gitclone check\karate\karate-gatling\src\test\scala\mock\TestUserStimulation.scala
2024.01.29 14:59:07 WARN  no build target for: D:\karate gatling gitclone check\karate\karate-gatling\src\test\scala\mock\TestUserStimulation.scala
2024.01.29 14:59:08 WARN  no build target for: D:\karate gatling gitclone check\karate\karate-gatling\src\test\scala\mock\TestUserStimulation.scala
2024.01.29 14:59:13 WARN  no build target for: D:\karate gatling gitclone check\karate\karate-gatling\src\test\scala\mock\TestUserStimulation.scala
2024.01.29 14:59:14 WARN  no build target for: D:\karate gatling gitclone check\karate\karate-gatling\src\test\scala\mock\TestUserStimulation.scala
2024.01.29 14:59:27 WARN  no build target for: D:\karate gatling gitclone check\karate\karate-gatling\src\test\scala\mock\TestUserStimulation.scala
Jan 29, 2024 2:59:28 PM org.eclipse.lsp4j.jsonrpc.RemoteEndpoint handleCancellation
WARNING: Unmatched cancel notification for request id 144
2024.01.29 14:59:30 WARN  no build target for: D:\karate gatling gitclone check\karate\karate-gatling\src\test\scala\mock\TestUserStimulation.scala
2024.01.29 14:59:34 WARN  no build target for: D:\karate gatling gitclone check\karate\karate-gatling\src\test\scala\mock\TestUserStimulation.scala
2024.01.29 14:59:36 WARN  no build target for: D:\karate gatling gitclone check\karate\karate-gatling\src\test\scala\mock\TestUserStimulation.scala
Jan 29, 2024 3:08:41 PM org.eclipse.lsp4j.jsonrpc.RemoteEndpoint handleCancellation
WARNING: Unmatched cancel notification for request id 191
2024.01.29 15:08:53 WARN  no build target for: D:\karate gatling gitclone check\karate\karate-gatling\src\test\scala\mock\TestUserStimulation.scala
2024.01.29 15:08:59 WARN  no build target for: D:\karate gatling gitclone check\karate\karate-gatling\src\test\scala\mock\TestUserStimulation.scala
2024.01.29 15:09:01 WARN  no build target for: D:\karate gatling gitclone check\karate\karate-gatling\src\test\scala\mock\TestUserStimulation.scala
2024.01.29 15:45:01 WARN  no build target for: D:\karate gatling gitclone check\karate\karate-gatling\src\test\scala\mock\TestUserStimulation.scala
2024.01.29 15:45:02 WARN  no build target for: D:\karate gatling gitclone check\karate\karate-gatling\src\test\scala\mock\TestUserStimulation.scala
2024.01.29 15:45:15 WARN  no build target for: D:\karate gatling gitclone check\karate\karate-gatling\src\test\scala\mock\TestUserStimulation.scala
2024.01.29 15:45:19 WARN  no build target for: D:\karate gatling gitclone check\karate\karate-gatling\src\test\scala\mock\TestUserStimulation.scala
Jan 29, 2024 3:47:56 PM org.eclipse.lsp4j.jsonrpc.services.GenericEndpoint notify
INFO: Unsupported notification method: $/setTrace
Jan 29, 2024 3:47:57 PM org.eclipse.lsp4j.jsonrpc.services.GenericEndpoint notify
INFO: Unsupported notification method: $/setTrace
2024.01.29 16:00:55 INFO  Shutting down server
2024.01.29 16:00:55 INFO  shutting down Metals
2024.01.29 16:00:55 INFO  Exiting server
2024.01.30 09:48:54 INFO  Started: Metals version 1.2.0 in folders 'D:\karate gatling gitclone check' for client Visual Studio Code 1.85.2.
2024.01.30 09:48:55 WARN  Build server is not auto-connectable.
2024.01.30 09:48:55 WARN  no build target for: D:\karate gatling gitclone check\karate\karate-gatling\src\test\scala\mock\TestUserStimulation.scala
2024.01.30 09:49:00 INFO  no build target found for D:\karate gatling gitclone check\karate\karate-gatling\src\test\scala\mock\TestUserStimulation.scala. Using presentation compiler with project's scala-library version: 3.3.1
2024.01.30 09:49:03 INFO  time: code lens generation in 8.13s
2024.01.30 18:26:30 INFO  Shutting down server
2024.01.30 18:26:30 INFO  shutting down Metals
2024.01.30 18:26:30 INFO  Exiting server
2024.02.16 15:14:56 INFO  Started: Metals version 1.2.2 in folders 'D:\karate gatling gitclone check' for client Visual Studio Code 1.86.2.
2024.02.16 15:14:56 INFO  Upgraded H2 database.
15:14:57.197 [pool-1-thread-1] INFO org.flywaydb.core.internal.license.VersionPrinter -- Flyway Community Edition 9.22.3 by Redgate
15:14:57.199 [pool-1-thread-1] INFO org.flywaydb.core.internal.license.VersionPrinter -- See release notes here: https://rd.gt/416ObMi
15:14:57.200 [pool-1-thread-1] INFO org.flywaydb.core.internal.license.VersionPrinter -- 
15:14:57.202 [pool-1-thread-1] DEBUG org.flywaydb.core.internal.scanner.classpath.ClassPathScanner -- Scanning for classpath resources at 'classpath:db/callback' ...
15:14:57.202 [pool-1-thread-1] DEBUG org.flywaydb.core.internal.scanner.classpath.ClassPathScanner -- Determining location urls for classpath:db/callback using ClassLoader jdk.internal.loader.ClassLoaders$AppClassLoader@70dea4e ...
15:14:57.202 [pool-1-thread-1] DEBUG org.flywaydb.core.internal.scanner.classpath.ClassPathScanner -- Unable to resolve location classpath:db/callback.
15:14:57.202 [pool-1-thread-1] DEBUG org.flywaydb.core.internal.scanner.classpath.ClassPathScanner -- Scanning for classpath resources at 'classpath:db/migration' ...
15:14:57.202 [pool-1-thread-1] DEBUG org.flywaydb.core.internal.scanner.classpath.ClassPathScanner -- Determining location urls for classpath:db/migration using ClassLoader jdk.internal.loader.ClassLoaders$AppClassLoader@70dea4e ...
15:14:57.203 [pool-1-thread-1] DEBUG org.flywaydb.core.internal.scanner.classpath.ClassPathScanner -- Scanning URL: jar:file:/C:/Users/Soundhar%20P/AppData/Local/Coursier/cache/v1/https/repo1.maven.org/maven2/org/scalameta/metals_2.13/1.2.2/metals_2.13-1.2.2.jar!/db/migration
15:14:57.206 [pool-1-thread-1] DEBUG org.flywaydb.core.internal.scanner.classpath.ClassPathScanner -- Found resource: db/migration/
15:14:57.207 [pool-1-thread-1] DEBUG org.flywaydb.core.internal.scanner.classpath.ClassPathScanner -- Found resource: db/migration/V1__Create_tables.sql
15:14:57.207 [pool-1-thread-1] DEBUG org.flywaydb.core.internal.scanner.classpath.ClassPathScanner -- Found resource: db/migration/V2__Server_discovery.sql
15:14:57.207 [pool-1-thread-1] DEBUG org.flywaydb.core.internal.scanner.classpath.ClassPathScanner -- Found resource: db/migration/V3__Jar_symbols.sql
15:14:57.207 [pool-1-thread-1] DEBUG org.flywaydb.core.internal.scanner.classpath.ClassPathScanner -- Found resource: db/migration/V4__Fingerprints.sql
15:14:57.207 [pool-1-thread-1] DEBUG org.flywaydb.core.internal.scanner.classpath.ClassPathScanner -- Scanning for classes at classpath:db/migration
15:14:57.210 [pool-1-thread-1] DEBUG org.flywaydb.core.internal.scanner.Scanner -- Filtering out resource: db/migration/ (filename: )
15:14:57.210 [pool-1-thread-1] DEBUG org.flywaydb.core.internal.resource.ResourceNameValidator -- Validating V1__Create_tables.sql
15:14:57.212 [pool-1-thread-1] DEBUG org.flywaydb.core.internal.resource.ResourceNameValidator -- Validating V3__Jar_symbols.sql
15:14:57.212 [pool-1-thread-1] DEBUG org.flywaydb.core.internal.resource.ResourceNameValidator -- Validating V4__Fingerprints.sql
15:14:57.212 [pool-1-thread-1] DEBUG org.flywaydb.core.internal.resource.ResourceNameValidator -- Validating V2__Server_discovery.sql
15:14:57.324 [pool-1-thread-1] INFO org.flywaydb.core.FlywayExecutor -- Database: jdbc:h2:file:D:\karate gatling gitclone check\.metals\metals (H2 2.2)
15:14:57.324 [pool-1-thread-1] DEBUG org.flywaydb.core.FlywayExecutor -- Driver: H2 JDBC Driver 2.2.224 (2023-09-17)
15:14:57.325 [pool-1-thread-1] DEBUG org.flywaydb.core.FlywayExecutor -- DDL Transactions Supported: false
15:14:57.326 [pool-1-thread-1] DEBUG org.flywaydb.core.internal.schemahistory.SchemaHistoryFactory -- Schemas: 
15:14:57.326 [pool-1-thread-1] DEBUG org.flywaydb.core.internal.schemahistory.SchemaHistoryFactory -- Default schema: null
15:14:57.329 [pool-1-thread-1] WARN org.flywaydb.core.internal.database.base.Database -- Flyway upgrade recommended: H2 2.2.224 is newer than this version of Flyway and support has not been tested. The latest supported version of H2 is 2.2.220.
15:14:57.331 [pool-1-thread-1] DEBUG org.flywaydb.core.internal.callback.SqlScriptCallbackFactory -- Scanning for SQL callbacks ...
15:14:57.331 [pool-1-thread-1] DEBUG org.flywaydb.core.internal.scanner.Scanner -- Filtering out resource: db/migration/ (filename: )
15:14:57.339 [pool-1-thread-1] DEBUG org.flywaydb.core.internal.command.DbValidate -- Validating migrations ...
15:14:57.343 [pool-1-thread-1] DEBUG org.flywaydb.core.internal.scanner.Scanner -- Filtering out resource: db/migration/ (filename: )
15:14:57.349 [pool-1-thread-1] DEBUG org.flywaydb.core.internal.scanner.Scanner -- Filtering out resource: db/migration/ (filename: )
15:14:57.349 [pool-1-thread-1] DEBUG org.flywaydb.core.internal.scanner.Scanner -- Filtering out resource: db/migration/V1__Create_tables.sql (filename: V1__Create_tables.sql)
15:14:57.349 [pool-1-thread-1] DEBUG org.flywaydb.core.internal.scanner.Scanner -- Filtering out resource: db/migration/V3__Jar_symbols.sql (filename: V3__Jar_symbols.sql)
15:14:57.349 [pool-1-thread-1] DEBUG org.flywaydb.core.internal.scanner.Scanner -- Filtering out resource: db/migration/V4__Fingerprints.sql (filename: V4__Fingerprints.sql)
15:14:57.349 [pool-1-thread-1] DEBUG org.flywaydb.core.internal.scanner.Scanner -- Filtering out resource: db/migration/V2__Server_discovery.sql (filename: V2__Server_discovery.sql)
15:14:57.350 [pool-1-thread-1] DEBUG org.flywaydb.core.internal.scanner.Scanner -- Filtering out resource: db/migration/ (filename: )
15:14:57.350 [pool-1-thread-1] DEBUG org.flywaydb.core.internal.scanner.Scanner -- Filtering out resource: db/migration/V1__Create_tables.sql (filename: V1__Create_tables.sql)
15:14:57.350 [pool-1-thread-1] DEBUG org.flywaydb.core.internal.scanner.Scanner -- Filtering out resource: db/migration/V3__Jar_symbols.sql (filename: V3__Jar_symbols.sql)
15:14:57.350 [pool-1-thread-1] DEBUG org.flywaydb.core.internal.scanner.Scanner -- Filtering out resource: db/migration/V4__Fingerprints.sql (filename: V4__Fingerprints.sql)
15:14:57.350 [pool-1-thread-1] DEBUG org.flywaydb.core.internal.scanner.Scanner -- Filtering out resource: db/migration/V2__Server_discovery.sql (filename: V2__Server_discovery.sql)
15:14:57.363 [pool-1-thread-1] INFO org.flywaydb.core.internal.command.DbValidate -- Successfully validated 4 migrations (execution time 00:00.022s)
15:14:57.364 [pool-1-thread-1] DEBUG org.flywaydb.core.internal.command.DbSchemas -- Skipping creation of existing schema: "PUBLIC"
15:14:57.369 [pool-1-thread-1] INFO org.flywaydb.core.internal.command.DbMigrate -- Current version of schema "PUBLIC": 4
15:14:57.372 [pool-1-thread-1] INFO org.flywaydb.core.internal.command.DbMigrate -- Schema "PUBLIC" is up to date. No migration necessary.
15:14:57.585 [pool-1-thread-1] DEBUG org.flywaydb.core.FlywayExecutor -- Memory usage: 57 of 100M
2024.02.16 15:14:58 WARN  Build server is not auto-connectable.
2024.02.16 15:15:11 INFO  no build target found for D:\karate gatling gitclone check\karate\karate-gatling\src\test\scala\mock\TestUserStimulation.scala. Using presentation compiler with project's scala-library version: 3.3.1
2024.02.16 15:23:54 INFO  Shutting down server
2024.02.16 15:23:54 INFO  shutting down Metals
2024.02.16 15:23:54 INFO  Exiting server
